<?xml version="1.0" encoding="UTF-8" ?>
<testsuite failures="0" time="1.054" errors="1" skipped="0" tests="2" name="terence.web.HomeControllerTest">
  <properties>
[...]
</properties>
  <testcase time="1.054" classname="terence.web.HomeControllerTest" name="test">
    <error message="org.springframework.util.StreamUtils.emptyInput()Ljava/io/InputStream;" type="java.lang.NoSuchMethodError">java.lang.NoSuchMethodError: org.springframework.util.StreamUtils.emptyInput()Ljava/io/InputStream;
	at org.springframework.mock.web.MockHttpServletRequest.&lt;clinit&gt;(MockHttpServletRequest.java:125)
	at org.springframework.test.web.servlet.request.MockHttpServletRequestBuilder.createServletRequest(MockHttpServletRequestBuilder.java:676)
	at org.springframework.test.web.servlet.request.MockHttpServletRequestBuilder.buildRequest(MockHttpServletRequestBuilder.java:587)
	at org.springframework.test.web.servlet.MockMvc.perform(MockMvc.java:141)
	at terence.web.HomeControllerTest.test(HomeControllerTest.java:23)
	at sun.reflect.NativeMethodAccessorImpl.invoke0(Native Method)
	at sun.reflect.NativeMethodAccessorImpl.invoke(NativeMethodAccessorImpl.java:57)
	at sun.reflect.DelegatingMethodAccessorImpl.invoke(DelegatingMethodAccessorImpl.java:43)
	at java.lang.reflect.Method.invoke(Method.java:606)
	at org.junit.runners.model.FrameworkMethod$1.runReflectiveCall(FrameworkMethod.java:45)
	at org.junit.internal.runners.model.ReflectiveCallable.run(ReflectiveCallable.java:15)
	at org.junit.runners.model.FrameworkMethod.invokeExplosively(FrameworkMethod.java:42)
	at org.junit.internal.runners.statements.InvokeMethod.evaluate(InvokeMethod.java:20)
	at org.junit.runners.ParentRunner.runLeaf(ParentRunner.java:263)
	at org.junit.runners.BlockJUnit4ClassRunner.runChild(BlockJUnit4ClassRunner.java:68)
	at org.junit.runners.BlockJUnit4ClassRunner.runChild(BlockJUnit4ClassRunner.java:47)
	at org.junit.runners.ParentRunner$3.run(ParentRunner.java:231)
	at org.junit.runners.ParentRunner$1.schedule(ParentRunner.java:60)
	at org.junit.runners.ParentRunner.runChildren(ParentRunner.java:229)
	at org.junit.runners.ParentRunner.access$000(ParentRunner.java:50)
	at org.junit.runners.ParentRunner$2.evaluate(ParentRunner.java:222)
	at org.junit.runners.ParentRunner.run(ParentRunner.java:300)
	at org.apache.maven.surefire.junit4.JUnit4Provider.execute(JUnit4Provider.java:252)
	at org.apache.maven.surefire.junit4.JUnit4Provider.executeTestSet(JUnit4Provider.java:141)
	at org.apache.maven.surefire.junit4.JUnit4Provider.invoke(JUnit4Provider.java:112)
	at sun.reflect.NativeMethodAccessorImpl.invoke0(Native Method)
	at sun.reflect.NativeMethodAccessorImpl.invoke(NativeMethodAccessorImpl.java:57)
	at sun.reflect.DelegatingMethodAccessorImpl.invoke(DelegatingMethodAccessorImpl.java:43)
	at java.lang.reflect.Method.invoke(Method.java:606)
	at org.apache.maven.surefire.util.ReflectionUtils.invokeMethodWithArray(ReflectionUtils.java:189)
	at org.apache.maven.surefire.booter.ProviderFactory$ProviderProxy.invoke(ProviderFactory.java:165)
	at org.apache.maven.surefire.booter.ProviderFactory.invokeProvider(ProviderFactory.java:85)
	at org.apache.maven.surefire.booter.ForkedBooter.runSuitesInProcess(ForkedBooter.java:115)
	at org.apache.maven.surefire.booter.ForkedBooter.main(ForkedBooter.java:75)
</error>
    <system-out>2016-12-01 22:53:29,803 [main] [org.springframework.core.env.StandardEnvironment]-[DEBUG] Adding [systemProperties] PropertySource with lowest search precedence
2016-12-01 22:53:29,807 [main] [org.springframework.core.env.StandardEnvironment]-[DEBUG] Adding [systemEnvironment] PropertySource with lowest search precedence
2016-12-01 22:53:29,807 [main] [org.springframework.core.env.StandardEnvironment]-[DEBUG] Initialized StandardEnvironment with PropertySources [systemProperties,systemEnvironment]
2016-12-01 22:53:29,905 [main] [org.springframework.test.web.servlet.setup.StandaloneMockMvcBuilder$StaticRequestMappingHandlerMapping]-[DEBUG] Looking for request mappings in application context: org.springframework.test.web.servlet.setup.StubWebApplicationContext@678d19b7
2016-12-01 22:53:29,930 [main] [org.springframework.test.web.servlet.setup.StandaloneMockMvcBuilder$StaticRequestMappingHandlerMapping]-[INFO] Mapped &quot;{[/],methods=[GET],params=[],headers=[],consumes=[],produces=[],custom=[]}&quot; onto public java.lang.String terence.web.HomeController.home()
2016-12-01 22:53:30,376 [main] [org.springframework.web.servlet.mvc.method.annotation.RequestMappingHandlerAdapter]-[INFO] Looking for @ControllerAdvice: org.springframework.test.web.servlet.setup.StubWebApplicationContext@678d19b7
2016-12-01 22:53:30,419 [main] [org.springframework.web.servlet.mvc.method.annotation.ExceptionHandlerExceptionResolver]-[DEBUG] Looking for exception mappings: org.springframework.test.web.servlet.setup.StubWebApplicationContext@678d19b7
2016-12-01 22:53:30,478 [main] [org.springframework.test.web.servlet.TestDispatcherServlet]-[DEBUG] Initializing servlet &apos;&apos;
2016-12-01 22:53:30,496 [main] [org.springframework.web.context.support.StandardServletEnvironment]-[DEBUG] Adding [servletConfigInitParams] PropertySource with lowest search precedence
2016-12-01 22:53:30,496 [main] [org.springframework.web.context.support.StandardServletEnvironment]-[DEBUG] Adding [servletContextInitParams] PropertySource with lowest search precedence
2016-12-01 22:53:30,530 [main] [org.springframework.web.context.support.StandardServletEnvironment]-[DEBUG] Adding [systemProperties] PropertySource with lowest search precedence
2016-12-01 22:53:30,530 [main] [org.springframework.web.context.support.StandardServletEnvironment]-[DEBUG] Adding [systemEnvironment] PropertySource with lowest search precedence
2016-12-01 22:53:30,531 [main] [org.springframework.web.context.support.StandardServletEnvironment]-[DEBUG] Initialized StandardServletEnvironment with PropertySources [servletConfigInitParams,servletContextInitParams,systemProperties,systemEnvironment]
2016-12-01 22:53:30,531 [main] [org.springframework.mock.web.MockServletContext]-[INFO] Initializing Spring FrameworkServlet &apos;&apos;
2016-12-01 22:53:30,531 [main] [org.springframework.test.web.servlet.TestDispatcherServlet]-[INFO] FrameworkServlet &apos;&apos;: initialization started
2016-12-01 22:53:30,533 [main] [org.springframework.test.web.servlet.TestDispatcherServlet]-[DEBUG] Unable to locate MultipartResolver with name &apos;multipartResolver&apos;: no multipart request handling provided
2016-12-01 22:53:30,534 [main] [org.springframework.test.web.servlet.TestDispatcherServlet]-[DEBUG] Using LocaleResolver [org.springframework.web.servlet.i18n.AcceptHeaderLocaleResolver@57a40a9f]
2016-12-01 22:53:30,534 [main] [org.springframework.test.web.servlet.TestDispatcherServlet]-[DEBUG] Using ThemeResolver [org.springframework.web.servlet.theme.FixedThemeResolver@52b579ac]
2016-12-01 22:53:30,534 [main] [org.springframework.test.web.servlet.TestDispatcherServlet]-[DEBUG] Using RequestToViewNameTranslator [org.springframework.web.servlet.view.DefaultRequestToViewNameTranslator@84735a0]
2016-12-01 22:53:30,534 [main] [org.springframework.test.web.servlet.TestDispatcherServlet]-[DEBUG] Using FlashMapManager [org.springframework.web.servlet.support.SessionFlashMapManager@7b119f9e]
2016-12-01 22:53:30,534 [main] [org.springframework.test.web.servlet.TestDispatcherServlet]-[DEBUG] Published WebApplicationContext of servlet &apos;&apos; as ServletContext attribute with name [org.springframework.web.servlet.FrameworkServlet.CONTEXT.]
2016-12-01 22:53:30,534 [main] [org.springframework.test.web.servlet.TestDispatcherServlet]-[INFO] FrameworkServlet &apos;&apos;: initialization completed in 3 ms
2016-12-01 22:53:30,535 [main] [org.springframework.test.web.servlet.TestDispatcherServlet]-[DEBUG] Servlet &apos;&apos; configured successfully
</system-out>
  </testcase>
  <testcase time="0" classname="terence.web.HomeControllerTest" name="shouldShowRecentSpittles"/>
</testsuite>